<?xml version="1.0" encoding="UTF-8"?>
<testng-results skipped="0" failed="0" total="1" passed="1">
  <reporter-output>
  </reporter-output>
  <suite name="Default suite" duration-ms="1907" started-at="2016-02-02T01:06:33Z" finished-at="2016-02-02T01:06:35Z">
    <groups>
      <group name="UserDaoTest">
        <method signature="UserDaoTest.Student1HasOneApplication()[pri:0, instance:gapp.model.dao.UserDaoTest@c767719]" name="Student1HasOneApplication" class="gapp.model.dao.UserDaoTest"/>
      </group> <!-- UserDaoTest -->
    </groups>
    <test name="Default test" duration-ms="1907" started-at="2016-02-02T01:06:33Z" finished-at="2016-02-02T01:06:35Z">
      <class name="gapp.model.dao.UserDaoTest">
        <test-method status="PASS" signature="springTestContextBeforeTestClass()[pri:0, instance:gapp.model.dao.UserDaoTest@c767719]" test-instance-name="" name="springTestContextBeforeTestClass" is-config="true" duration-ms="10" started-at="2016-02-01T17:06:33Z" finished-at="2016-02-01T17:06:33Z">
          <reporter-output>
          </reporter-output>
        </test-method> <!-- springTestContextBeforeTestClass -->
        <test-method name="springTestContextPrepareTestInstance" test-instance-name="" signature="springTestContextPrepareTestInstance()[pri:0, instance:gapp.model.dao.UserDaoTest@c767719]" is-config="true" status="PASS" duration-ms="1680" finished-at="2016-02-01T17:06:34Z" started-at="2016-02-01T17:06:33Z" depends-on-methods="org.springframework.test.context.testng.AbstractTestNGSpringContextTests.springTestContextBeforeTestClass">
          <reporter-output>
          </reporter-output>
        </test-method> <!-- springTestContextPrepareTestInstance -->
        <test-method status="PASS" signature="springTestContextBeforeTestMethod(java.lang.reflect.Method)[pri:0, instance:gapp.model.dao.UserDaoTest@c767719]" test-instance-name="" name="springTestContextBeforeTestMethod" is-config="true" duration-ms="52" started-at="2016-02-01T17:06:34Z" finished-at="2016-02-01T17:06:34Z">
          <params>
            <param index="0">
              <value>
                <![CDATA[public void gapp.model.dao.UserDaoTest.Student1HasOneApplication()]]>
              </value>
            </param>
          </params>
          <reporter-output>
          </reporter-output>
        </test-method> <!-- springTestContextBeforeTestMethod -->
        <test-method status="PASS" signature="Student1HasOneApplication()[pri:0, instance:gapp.model.dao.UserDaoTest@c767719]" test-instance-name="" name="Student1HasOneApplication" duration-ms="147" started-at="2016-02-01T17:06:34Z" finished-at="2016-02-01T17:06:35Z">
          <reporter-output>
          </reporter-output>
        </test-method> <!-- Student1HasOneApplication -->
        <test-method status="PASS" signature="springTestContextAfterTestMethod(java.lang.reflect.Method)[pri:0, instance:gapp.model.dao.UserDaoTest@c767719]" test-instance-name="" name="springTestContextAfterTestMethod" is-config="true" duration-ms="6" started-at="2016-02-01T17:06:35Z" finished-at="2016-02-01T17:06:35Z">
          <params>
            <param index="0">
              <value>
                <![CDATA[public void gapp.model.dao.UserDaoTest.Student1HasOneApplication()]]>
              </value>
            </param>
          </params>
          <reporter-output>
          </reporter-output>
        </test-method> <!-- springTestContextAfterTestMethod -->
        <test-method status="PASS" signature="springTestContextAfterTestClass()[pri:0, instance:gapp.model.dao.UserDaoTest@c767719]" test-instance-name="" name="springTestContextAfterTestClass" is-config="true" duration-ms="0" started-at="2016-02-01T17:06:35Z" finished-at="2016-02-01T17:06:35Z">
          <reporter-output>
          </reporter-output>
        </test-method> <!-- springTestContextAfterTestClass -->
      </class> <!-- gapp.model.dao.UserDaoTest -->
    </test> <!-- Default test -->
  </suite> <!-- Default suite -->
</testng-results>
